#
# There is insufficient memory for the Java Runtime Environment to continue.
# Native memory allocation (malloc) failed to allocate 32744 bytes for ChunkPool::allocate
# Possible reasons:
#   The system is out of physical RAM or swap space
#   The process is running with CompressedOops enabled, and the Java Heap may be blocking the growth of the native heap
# Possible solutions:
#   Reduce memory load on the system
#   Increase physical memory or swap space
#   Check if swap backing store is full
#   Decrease Java heap size (-Xmx/-Xms)
#   Decrease number of Java threads
#   Decrease Java thread stack sizes (-Xss)
#   Set larger code cache with -XX:ReservedCodeCacheSize=
#   JVM is running with Unscaled Compressed Oops mode in which the Java heap is
#     placed in the first 4GB address space. The Java Heap base address is the
#     maximum limit for the native heap growth. Please use -XX:HeapBaseMinAddress
#     to set the Java Heap base and to place the Java Heap above 4GB virtual address.
# This output file may be truncated or incomplete.
#
#  Out of Memory Error (./open/src/hotspot/share/memory/arena.cpp:79), pid=2232, tid=5272
#
# JRE version: Java(TM) SE Runtime Environment (14.0.1+7) (build 14.0.1+7)
# Java VM: Java HotSpot(TM) 64-Bit Server VM (14.0.1+7, mixed mode, tiered, compressed oops, g1 gc, windows-amd64)
# No core dump will be written. Minidumps are not enabled by default on client versions of Windows
#

---------------  S U M M A R Y ------------

Command Line: -Dfile.encoding=UTF-8 --module-path=C:\Users\Marcos\Documents\NetBeansProjects\CursoJava2\build\classes EventosWindows.Principal

Host: Intel(R) Celeron(R) CPU  N2808  @ 1.58GHz, 2 cores, 3G,  Windows 10 , 64 bit Build 19041 (10.0.19041.1023)
Time: Mon Jun 21 02:57:05 2021 Hora estándar Sudamérica este elapsed time: 0 seconds (0d 0h 0m 0s)

---------------  T H R E A D  ---------------

Current thread (0x00000220848e2000):  JavaThread "C2 CompilerThread0" daemon [_thread_in_vm, id=5272, stack(0x00000086d5500000,0x00000086d5600000)]

Stack: [0x00000086d5500000,0x00000086d5600000]
Native frames: (J=compiled Java code, j=interpreted, Vv=VM code, C=native code)
V  [jvm.dll+0x5f840a]
V  [jvm.dll+0x741e4a]
V  [jvm.dll+0x7435ff]
V  [jvm.dll+0x743c43]
V  [jvm.dll+0x20d288]
V  [jvm.dll+0xabea6]
V  [jvm.dll+0xac1fc]
V  [jvm.dll+0x1d1683]
V  [jvm.dll+0x1d00b6]
V  [jvm.dll+0x66ae45]
V  [jvm.dll+0x654812]
V  [jvm.dll+0x177c1e]
V  [jvm.dll+0x1f3155]
V  [jvm.dll+0x1f2182]
V  [jvm.dll+0x706a9d]
V  [jvm.dll+0x6ff8ba]
V  [jvm.dll+0x5f72c6]
C  [ucrtbase.dll+0x21bb2]
C  [KERNEL32.DLL+0x17034]
C  [ntdll.dll+0x52651]


---------------  P R O C E S S  ---------------

Threads class SMR info:
_java_thread_list=0x00000220848bc840, length=9, elements={
0x00000220e74f6000, 0x00000220848aa800, 0x00000220848ac000, 0x00000220848d4800,
0x00000220848d5800, 0x00000220848d7000, 0x00000220848e2000, 0x00000220848e6800,
0x00000220848f3000
}

Java Threads: ( => current thread )
  0x00000220e74f6000 JavaThread "main" [_thread_in_Java, id=940, stack(0x00000086d4900000,0x00000086d4a00000)]
  0x00000220848aa800 JavaThread "Reference Handler" daemon [_thread_blocked, id=7972, stack(0x00000086d5000000,0x00000086d5100000)]
  0x00000220848ac000 JavaThread "Finalizer" daemon [_thread_blocked, id=5032, stack(0x00000086d5100000,0x00000086d5200000)]
  0x00000220848d4800 JavaThread "Signal Dispatcher" daemon [_thread_blocked, id=7460, stack(0x00000086d5200000,0x00000086d5300000)]
  0x00000220848d5800 JavaThread "Attach Listener" daemon [_thread_blocked, id=5184, stack(0x00000086d5300000,0x00000086d5400000)]
  0x00000220848d7000 JavaThread "Service Thread" daemon [_thread_blocked, id=2460, stack(0x00000086d5400000,0x00000086d5500000)]
=>0x00000220848e2000 JavaThread "C2 CompilerThread0" daemon [_thread_in_vm, id=5272, stack(0x00000086d5500000,0x00000086d5600000)]
  0x00000220848e6800 JavaThread "C1 CompilerThread0" daemon [_thread_blocked, id=3680, stack(0x00000086d5600000,0x00000086d5700000)]
  0x00000220848f3000 JavaThread "Sweeper thread" daemon [_thread_blocked, id=5608, stack(0x00000086d5700000,0x00000086d5800000)]

Other Threads:
  0x0000022084896800 VMThread "VM Thread" [stack: 0x00000086d4f00000,0x00000086d5000000] [id=7760]
  0x00000220e7524800 GCTaskThread "GC Thread#0" [stack: 0x00000086d4a00000,0x00000086d4b00000] [id=348]
  0x00000220e7531000 ConcurrentGCThread "G1 Main Marker" [stack: 0x00000086d4b00000,0x00000086d4c00000] [id=1392]
  0x00000220e7532800 ConcurrentGCThread "G1 Conc#0" [stack: 0x00000086d4c00000,0x00000086d4d00000] [id=6544]
  0x00000220e7580800 ConcurrentGCThread "G1 Refine#0" [stack: 0x00000086d4d00000,0x00000086d4e00000] [id=2420]
  0x00000220e7582800 ConcurrentGCThread "G1 Young RemSet Sampling" [stack: 0x00000086d4e00000,0x00000086d4f00000] [id=1160]

Threads with active compile tasks:

VM state:not at safepoint (normal execution)

VM Mutex/Monitor currently owned by a thread:  ([mutex/lock_event])
[0x00000220e74e6590] SystemDictionary_lock - owner thread: 0x0000000000000000

Heap address: 0x00000000c1e00000, size: 994 MB, Compressed Oops mode: 32-bit
Narrow klass base: 0x0000000000000000, Narrow klass shift: 3
Compressed class space size: 1073741824 Address: 0x0000000100000000

Heap:
 garbage-first heap   total 65536K, used 0K [0x00000000c1e00000, 0x0000000100000000)
  region size 1024K, 1 young (1024K), 0 survivors (0K)
 Metaspace       used 2991K, capacity 3144K, committed 3200K, reserved 1060864K
  class space    used 236K, capacity 384K, committed 384K, reserved 1048576K
Heap Regions: E=young(eden), S=young(survivor), O=old, HS=humongous(starts), HC=humongous(continues), CS=collection set, F=free, OA=open archive, CA=closed archive, TAMS=top-at-mark-start (previous, next)
|   0|0x00000000c1e00000, 0x00000000c1e00000, 0x00000000c1f00000|  0%| F|  |TAMS 0x00000000c1e00000, 0x00000000c1e00000| Untracked 
|   1|0x00000000c1f00000, 0x00000000c1f00000, 0x00000000c2000000|  0%| F|  |TAMS 0x00000000c1f00000, 0x00000000c1f00000| Untracked 
|   2|0x00000000c2000000, 0x00000000c2000000, 0x00000000c2100000|  0%| F|  |TAMS 0x00000000c2000000, 0x00000000c2000000| Untracked 
|   3|0x00000000c2100000, 0x00000000c2100000, 0x00000000c2200000|  0%| F|  |TAMS 0x00000000c2100000, 0x00000000c2100000| Untracked 
|   4|0x00000000c2200000, 0x00000000c2200000, 0x00000000c2300000|  0%| F|  |TAMS 0x00000000c2200000, 0x00000000c2200000| Untracked 
|   5|0x00000000c2300000, 0x00000000c2300000, 0x00000000c2400000|  0%| F|  |TAMS 0x00000000c2300000, 0x00000000c2300000| Untracked 
|   6|0x00000000c2400000, 0x00000000c2400000, 0x00000000c2500000|  0%| F|  |TAMS 0x00000000c2400000, 0x00000000c2400000| Untracked 
|   7|0x00000000c2500000, 0x00000000c2500000, 0x00000000c2600000|  0%| F|  |TAMS 0x00000000c2500000, 0x00000000c2500000| Untracked 
|   8|0x00000000c2600000, 0x00000000c2600000, 0x00000000c2700000|  0%| F|  |TAMS 0x00000000c2600000, 0x00000000c2600000| Untracked 
|   9|0x00000000c2700000, 0x00000000c2700000, 0x00000000c2800000|  0%| F|  |TAMS 0x00000000c2700000, 0x00000000c2700000| Untracked 
|  10|0x00000000c2800000, 0x00000000c2800000, 0x00000000c2900000|  0%| F|  |TAMS 0x00000000c2800000, 0x00000000c2800000| Untracked 
|  11|0x00000000c2900000, 0x00000000c2900000, 0x00000000c2a00000|  0%| F|  |TAMS 0x00000000c2900000, 0x00000000c2900000| Untracked 
|  12|0x00000000c2a00000, 0x00000000c2a00000, 0x00000000c2b00000|  0%| F|  |TAMS 0x00000000c2a00000, 0x00000000c2a00000| Untracked 
|  13|0x00000000c2b00000, 0x00000000c2b00000, 0x00000000c2c00000|  0%| F|  |TAMS 0x00000000c2b00000, 0x00000000c2b00000| Untracked 
|  14|0x00000000c2c00000, 0x00000000c2c00000, 0x00000000c2d00000|  0%| F|  |TAMS 0x00000000c2c00000, 0x00000000c2c00000| Untracked 
|  15|0x00000000c2d00000, 0x00000000c2d00000, 0x00000000c2e00000|  0%| F|  |TAMS 0x00000000c2d00000, 0x00000000c2d00000| Untracked 
|  16|0x00000000c2e00000, 0x00000000c2e00000, 0x00000000c2f00000|  0%| F|  |TAMS 0x00000000c2e00000, 0x00000000c2e00000| Untracked 
|  17|0x00000000c2f00000, 0x00000000c2f00000, 0x00000000c3000000|  0%| F|  |TAMS 0x00000000c2f00000, 0x00000000c2f00000| Untracked 
|  18|0x00000000c3000000, 0x00000000c3000000, 0x00000000c3100000|  0%| F|  |TAMS 0x00000000c3000000, 0x00000000c3000000| Untracked 
|  19|0x00000000c3100000, 0x00000000c3100000, 0x00000000c3200000|  0%| F|  |TAMS 0x00000000c3100000, 0x00000000c3100000| Untracked 
|  20|0x00000000c3200000, 0x00000000c3200000, 0x00000000c3300000|  0%| F|  |TAMS 0x00000000c3200000, 0x00000000c3200000| Untracked 
|  21|0x00000000c3300000, 0x00000000c3300000, 0x00000000c3400000|  0%| F|  |TAMS 0x00000000c3300000, 0x00000000c3300000| Untracked 
|  22|0x00000000c3400000, 0x00000000c3400000, 0x00000000c3500000|  0%| F|  |TAMS 0x00000000c3400000, 0x00000000c3400000| Untracked 
|  23|0x00000000c3500000, 0x00000000c3500000, 0x00000000c3600000|  0%| F|  |TAMS 0x00000000c3500000, 0x00000000c3500000| Untracked 
|  24|0x00000000c3600000, 0x00000000c3600000, 0x00000000c3700000|  0%| F|  |TAMS 0x00000000c3600000, 0x00000000c3600000| Untracked 
|  25|0x00000000c3700000, 0x00000000c3700000, 0x00000000c3800000|  0%| F|  |TAMS 0x00000000c3700000, 0x00000000c3700000| Untracked 
|  26|0x00000000c3800000, 0x00000000c3800000, 0x00000000c3900000|  0%| F|  |TAMS 0x00000000c3800000, 0x00000000c3800000| Untracked 
|  27|0x00000000c3900000, 0x00000000c3900000, 0x00000000c3a00000|  0%| F|  |TAMS 0x00000000c3900000, 0x00000000c3900000| Untracked 
|  28|0x00000000c3a00000, 0x00000000c3a00000, 0x00000000c3b00000|  0%| F|  |TAMS 0x00000000c3a00000, 0x00000000c3a00000| Untracked 
|  29|0x00000000c3b00000, 0x00000000c3b00000, 0x00000000c3c00000|  0%| F|  |TAMS 0x00000000c3b00000, 0x00000000c3b00000| Untracked 
|  30|0x00000000c3c00000, 0x00000000c3c00000, 0x00000000c3d00000|  0%| F|  |TAMS 0x00000000c3c00000, 0x00000000c3c00000| Untracked 
|  31|0x00000000c3d00000, 0x00000000c3d00000, 0x00000000c3e00000|  0%| F|  |TAMS 0x00000000c3d00000, 0x00000000c3d00000| Untracked 
|  32|0x00000000c3e00000, 0x00000000c3e00000, 0x00000000c3f00000|  0%| F|  |TAMS 0x00000000c3e00000, 0x00000000c3e00000| Untracked 
|  33|0x00000000c3f00000, 0x00000000c3f00000, 0x00000000c4000000|  0%| F|  |TAMS 0x00000000c3f00000, 0x00000000c3f00000| Untracked 
|  34|0x00000000c4000000, 0x00000000c4000000, 0x00000000c4100000|  0%| F|  |TAMS 0x00000000c4000000, 0x00000000c4000000| Untracked 
|  35|0x00000000c4100000, 0x00000000c4100000, 0x00000000c4200000|  0%| F|  |TAMS 0x00000000c4100000, 0x00000000c4100000| Untracked 
|  36|0x00000000c4200000, 0x00000000c4200000, 0x00000000c4300000|  0%| F|  |TAMS 0x00000000c4200000, 0x00000000c4200000| Untracked 
|  37|0x00000000c4300000, 0x00000000c4300000, 0x00000000c4400000|  0%| F|  |TAMS 0x00000000c4300000, 0x00000000c4300000| Untracked 
|  38|0x00000000c4400000, 0x00000000c4400000, 0x00000000c4500000|  0%| F|  |TAMS 0x00000000c4400000, 0x00000000c4400000| Untracked 
|  39|0x00000000c4500000, 0x00000000c4500000, 0x00000000c4600000|  0%| F|  |TAMS 0x00000000c4500000, 0x00000000c4500000| Untracked 
|  40|0x00000000c4600000, 0x00000000c4600000, 0x00000000c4700000|  0%| F|  |TAMS 0x00000000c4600000, 0x00000000c4600000| Untracked 
|  41|0x00000000c4700000, 0x00000000c4700000, 0x00000000c4800000|  0%| F|  |TAMS 0x00000000c4700000, 0x00000000c4700000| Untracked 
|  42|0x00000000c4800000, 0x00000000c4800000, 0x00000000c4900000|  0%| F|  |TAMS 0x00000000c4800000, 0x00000000c4800000| Untracked 
|  43|0x00000000c4900000, 0x00000000c4900000, 0x00000000c4a00000|  0%| F|  |TAMS 0x00000000c4900000, 0x00000000c4900000| Untracked 
|  44|0x00000000c4a00000, 0x00000000c4a00000, 0x00000000c4b00000|  0%| F|  |TAMS 0x00000000c4a00000, 0x00000000c4a00000| Untracked 
|  45|0x00000000c4b00000, 0x00000000c4b00000, 0x00000000c4c00000|  0%| F|  |TAMS 0x00000000c4b00000, 0x00000000c4b00000| Untracked 
|  46|0x00000000c4c00000, 0x00000000c4c00000, 0x00000000c4d00000|  0%| F|  |TAMS 0x00000000c4c00000, 0x00000000c4c00000| Untracked 
|  47|0x00000000c4d00000, 0x00000000c4d00000, 0x00000000c4e00000|  0%| F|  |TAMS 0x00000000c4d00000, 0x00000000c4d00000| Untracked 
|  48|0x00000000c4e00000, 0x00000000c4e00000, 0x00000000c4f00000|  0%| F|  |TAMS 0x00000000c4e00000, 0x00000000c4e00000| Untracked 
|  49|0x00000000c4f00000, 0x00000000c4f00000, 0x00000000c5000000|  0%| F|  |TAMS 0x00000000c4f00000, 0x00000000c4f00000| Untracked 
|  50|0x00000000c5000000, 0x00000000c5000000, 0x00000000c5100000|  0%| F|  |TAMS 0x00000000c5000000, 0x00000000c5000000| Untracked 
|  51|0x00000000c5100000, 0x00000000c5100000, 0x00000000c5200000|  0%| F|  |TAMS 0x00000000c5100000, 0x00000000c5100000| Untracked 
|  52|0x00000000c5200000, 0x00000000c5200000, 0x00000000c5300000|  0%| F|  |TAMS 0x00000000c5200000, 0x00000000c5200000| Untracked 
|  53|0x00000000c5300000, 0x00000000c5300000, 0x00000000c5400000|  0%| F|  |TAMS 0x00000000c5300000, 0x00000000c5300000| Untracked 
|  54|0x00000000c5400000, 0x00000000c5400000, 0x00000000c5500000|  0%| F|  |TAMS 0x00000000c5400000, 0x00000000c5400000| Untracked 
|  55|0x00000000c5500000, 0x00000000c5500000, 0x00000000c5600000|  0%| F|  |TAMS 0x00000000c5500000, 0x00000000c5500000| Untracked 
|  56|0x00000000c5600000, 0x00000000c5600000, 0x00000000c5700000|  0%| F|  |TAMS 0x00000000c5600000, 0x00000000c5600000| Untracked 
|  57|0x00000000c5700000, 0x00000000c5700000, 0x00000000c5800000|  0%| F|  |TAMS 0x00000000c5700000, 0x00000000c5700000| Untracked 
|  58|0x00000000c5800000, 0x00000000c5800000, 0x00000000c5900000|  0%| F|  |TAMS 0x00000000c5800000, 0x00000000c5800000| Untracked 
|  59|0x00000000c5900000, 0x00000000c5900000, 0x00000000c5a00000|  0%| F|  |TAMS 0x00000000c5900000, 0x00000000c5900000| Untracked 
|  60|0x00000000c5a00000, 0x00000000c5a00000, 0x00000000c5b00000|  0%| F|  |TAMS 0x00000000c5a00000, 0x00000000c5a00000| Untracked 
|  61|0x00000000c5b00000, 0x00000000c5b00000, 0x00000000c5c00000|  0%| F|  |TAMS 0x00000000c5b00000, 0x00000000c5b00000| Untracked 
|  62|0x00000000c5c00000, 0x00000000c5c00000, 0x00000000c5d00000|  0%| F|  |TAMS 0x00000000c5c00000, 0x00000000c5c00000| Untracked 
|  63|0x00000000c5d00000, 0x00000000c5d5c328, 0x00000000c5e00000| 36%| E|  |TAMS 0x00000000c5d00000, 0x00000000c5d00000| Complete 

Card table byte_map: [0x00000220fecb0000,0x00000220feeb0000] _byte_map_base: 0x00000220fe6a1000

Marking Bits (Prev, Next): (CMBitMap*) 0x00000220e7528198, (CMBitMap*) 0x00000220e75281d8
 Prev Bits: [0x0000022080000000, 0x0000022080f88000)
 Next Bits: [0x0000022080f90000, 0x0000022081f18000)

Polling page: 0x00000220e6ce0000

Metaspace:

Usage:
  Non-class:      2.70 MB capacity,     2.69 MB (>99%) used,   112 bytes ( <1%) free+waste,     2.81 KB ( <1%) overhead. 
      Class:    384.00 KB capacity,   237.48 KB ( 62%) used,   146.46 KB ( 38%) free+waste,    64 bytes ( <1%) overhead. 
       Both:      3.07 MB capacity,     2.92 MB ( 95%) used,   146.57 KB (  5%) free+waste,     2.88 KB ( <1%) overhead. 

Virtual space:
  Non-class space:       16.00 MB reserved,       2.75 MB ( 17%) committed 
      Class space:        1.00 GB reserved,     384.00 KB ( <1%) committed 
             Both:        1.02 GB reserved,       3.13 MB ( <1%) committed 

Chunk freelists:
   Non-Class:  56.00 KB
       Class:  0 bytes
        Both:  56.00 KB

MaxMetaspaceSize: 17179869184.00 GB
CompressedClassSpaceSize: 1.00 GB

CodeHeap 'non-profiled nmethods': size=120064Kb used=0Kb max_used=0Kb free=120064Kb
 bounds [0x00000220f7770000, 0x00000220f79e0000, 0x00000220fecb0000]
CodeHeap 'profiled nmethods': size=120000Kb used=28Kb max_used=28Kb free=119971Kb
 bounds [0x00000220f0240000, 0x00000220f04b0000, 0x00000220f7770000]
CodeHeap 'non-nmethods': size=5696Kb used=1012Kb max_used=1012Kb free=4683Kb
 bounds [0x00000220efcb0000, 0x00000220eff20000, 0x00000220f0240000]
 total_blobs=514 nmethods=21 adapters=149
 compilation: enabled
              stopped_count=0, restarted_count=0
 full_count=0

Compilation events (0 events):
No events

GC Heap History (0 events):
No events

Deoptimization events (0 events):
No events

Classes unloaded (0 events):
No events

Classes redefined (0 events):
No events

Internal exceptions (0 events):
No events

Events (20 events):
Event: 0.376 loading class jdk/internal/module/ModuleBootstrap done
Event: 0.376 loading class java/lang/module/ModuleDescriptor
Event: 0.377 loading class java/lang/module/ModuleDescriptor done
Event: 0.377 loading class java/lang/module/ModuleDescriptor$1
Event: 0.377 loading class jdk/internal/access/JavaLangModuleAccess
Event: 0.377 loading class jdk/internal/access/JavaLangModuleAccess done
Event: 0.377 loading class java/lang/module/ModuleDescriptor$1 done
Event: 0.378 loading class jdk/internal/module/ModulePatcher
Event: 0.379 loading class jdk/internal/module/ModulePatcher done
Event: 0.379 loading class java/util/ArrayList
Event: 0.380 loading class java/util/ArrayList done
Event: 0.380 loading class java/nio/file/Path
Event: 0.381 loading class java/nio/file/Watchable
Event: 0.381 loading class java/nio/file/Watchable done
Event: 0.381 loading class java/nio/file/Path done
Event: 0.381 loading class java/nio/file/FileSystems
Event: 0.381 loading class java/nio/file/FileSystems done
Event: 0.382 loading class sun/nio/fs/DefaultFileSystemProvider
Event: 0.382 loading class sun/nio/fs/DefaultFileSystemProvider done
Event: 0.382 loading class sun/nio/fs/WindowsFileSystemProvider


Dynamic libraries:
0x00007ff6e9240000 - 0x00007ff6e924f000 	C:\Program Files\Java\jdk-14.0.1\bin\java.exe
0x00007ffd54490000 - 0x00007ffd54685000 	C:\WINDOWS\SYSTEM32\ntdll.dll
0x00007ffd53800000 - 0x00007ffd538bd000 	C:\WINDOWS\System32\KERNEL32.DLL
0x00007ffd52200000 - 0x00007ffd524c8000 	C:\WINDOWS\System32\KERNELBASE.dll
0x00007ffd51bd0000 - 0x00007ffd51cd0000 	C:\WINDOWS\System32\ucrtbase.dll
0x00007ffd45a30000 - 0x00007ffd45a48000 	C:\Program Files\Java\jdk-14.0.1\bin\jli.dll
0x00007ffd531a0000 - 0x00007ffd5324c000 	C:\WINDOWS\System32\ADVAPI32.dll
0x00007ffd54390000 - 0x00007ffd5442e000 	C:\WINDOWS\System32\msvcrt.dll
0x00007ffd3ddb0000 - 0x00007ffd3ddc5000 	C:\Program Files\Java\jdk-14.0.1\bin\VCRUNTIME140.dll
0x00007ffd53080000 - 0x00007ffd5311b000 	C:\WINDOWS\System32\sechost.dll
0x00007ffd53250000 - 0x00007ffd5337b000 	C:\WINDOWS\System32\RPCRT4.dll
0x00007ffd53fe0000 - 0x00007ffd54180000 	C:\WINDOWS\System32\USER32.dll
0x00007ffd51e20000 - 0x00007ffd51e42000 	C:\WINDOWS\System32\win32u.dll
0x00007ffd441f0000 - 0x00007ffd4448a000 	C:\WINDOWS\WinSxS\amd64_microsoft.windows.common-controls_6595b64144ccf1df_6.0.19041.1052_none_60b8f8fd71f5e8cb\COMCTL32.dll
0x00007ffd52ea0000 - 0x00007ffd52eca000 	C:\WINDOWS\System32\GDI32.dll
0x00007ffd52010000 - 0x00007ffd5211b000 	C:\WINDOWS\System32\gdi32full.dll
0x00007ffd51d80000 - 0x00007ffd51e1d000 	C:\WINDOWS\System32\msvcp_win.dll
0x00007ffd44c90000 - 0x00007ffd44c9a000 	C:\WINDOWS\SYSTEM32\VERSION.dll
0x00007ffd538c0000 - 0x00007ffd538f0000 	C:\WINDOWS\System32\IMM32.DLL
0x00007ffd3d060000 - 0x00007ffd3d0fb000 	C:\Program Files\Java\jdk-14.0.1\bin\msvcp140.dll
0x00007ffd25e30000 - 0x00007ffd2694e000 	C:\Program Files\Java\jdk-14.0.1\bin\server\jvm.dll
0x00007ffd52500000 - 0x00007ffd52508000 	C:\WINDOWS\System32\PSAPI.DLL
0x00007ffd42890000 - 0x00007ffd42899000 	C:\WINDOWS\SYSTEM32\WSOCK32.dll
0x00007ffd54180000 - 0x00007ffd541eb000 	C:\WINDOWS\System32\WS2_32.dll
0x00007ffd46bf0000 - 0x00007ffd46c17000 	C:\WINDOWS\SYSTEM32\WINMM.dll
0x00007ffd4fb20000 - 0x00007ffd4fb32000 	C:\WINDOWS\SYSTEM32\kernel.appcore.dll
0x00007ffd3dda0000 - 0x00007ffd3ddaa000 	C:\Program Files\Java\jdk-14.0.1\bin\jimage.dll
0x00007ffd44000000 - 0x00007ffd441e4000 	C:\WINDOWS\SYSTEM32\DBGHELP.DLL
0x00007ffd44570000 - 0x00007ffd4459c000 	C:\WINDOWS\SYSTEM32\dbgcore.DLL
0x00007ffd52170000 - 0x00007ffd521f3000 	C:\WINDOWS\System32\bcryptPrimitives.dll
0x00007ffd3daa0000 - 0x00007ffd3dac5000 	C:\Program Files\Java\jdk-14.0.1\bin\java.dll
0x00007ffd3dc20000 - 0x00007ffd3dc36000 	C:\Program Files\Java\jdk-14.0.1\bin\zip.dll
0x00007ffd526b0000 - 0x00007ffd52def000 	C:\WINDOWS\System32\SHELL32.dll
0x00007ffd4fd20000 - 0x00007ffd504b0000 	C:\WINDOWS\SYSTEM32\windows.storage.dll
0x00007ffd53a30000 - 0x00007ffd53d85000 	C:\WINDOWS\System32\combase.dll
0x00007ffd51570000 - 0x00007ffd5159c000 	C:\WINDOWS\SYSTEM32\Wldp.dll
0x00007ffd52600000 - 0x00007ffd526ae000 	C:\WINDOWS\System32\SHCORE.dll
0x00007ffd538f0000 - 0x00007ffd53945000 	C:\WINDOWS\System32\shlwapi.dll
0x00007ffd51b10000 - 0x00007ffd51b2f000 	C:\WINDOWS\SYSTEM32\profapi.dll

dbghelp: loaded successfully - version: 4.0.5 - missing functions: none
symbol engine: initialized successfully - sym options: 0x614 - pdb path: (cannot be retrieved)

VM Arguments:
jvm_args: -Dfile.encoding=UTF-8 --module-path=C:\Users\Marcos\Documents\NetBeansProjects\CursoJava2\build\classes 
java_command: EventosWindows.Principal
java_class_path (initial): C:\Users\Marcos\Documents\NetBeansProjects\CursoJava2\build\classes
Launcher Type: SUN_STANDARD

[Global flags]
     intx CICompilerCount                          = 2                                         {product} {ergonomic}
     uint ConcGCThreads                            = 1                                         {product} {ergonomic}
     uint G1ConcRefinementThreads                  = 2                                         {product} {ergonomic}
   size_t G1HeapRegionSize                         = 1048576                                   {product} {ergonomic}
    uintx GCDrainStackTargetSize                   = 64                                        {product} {ergonomic}
   size_t InitialHeapSize                          = 67108864                                  {product} {ergonomic}
   size_t MarkStackSize                            = 4194304                                   {product} {ergonomic}
   size_t MaxHeapSize                              = 1042284544                                {product} {ergonomic}
   size_t MaxNewSize                               = 624951296                                 {product} {ergonomic}
   size_t MinHeapDeltaBytes                        = 1048576                                   {product} {ergonomic}
   size_t MinHeapSize                              = 8388608                                   {product} {ergonomic}
    uintx NonNMethodCodeHeapSize                   = 5826188                                {pd product} {ergonomic}
    uintx NonProfiledCodeHeapSize                  = 122916026                              {pd product} {ergonomic}
    uintx ProfiledCodeHeapSize                     = 122916026                              {pd product} {ergonomic}
    uintx ReservedCodeCacheSize                    = 251658240                              {pd product} {ergonomic}
     bool SegmentedCodeCache                       = true                                      {product} {ergonomic}
   size_t SoftMaxHeapSize                          = 1042284544                             {manageable} {ergonomic}
     bool UseCompressedClassPointers               = true                                 {lp64_product} {ergonomic}
     bool UseCompressedOops                        = true                                 {lp64_product} {ergonomic}
     bool UseG1GC                                  = true                                      {product} {ergonomic}
     bool UseLargePagesIndividualAllocation        = false                                  {pd product} {ergonomic}

Logging:
Log output configuration:
 #0: stdout all=warning uptime,level,tags
 #1: stderr all=off uptime,level,tags

Environment Variables:
PATH=C:\Program Files (x86)\Common Files\Oracle\Java\javapath;C:\Program Files\Java\jdk1.8.0_241\bin;;C:\WINDOWS\system32;C:\WINDOWS;C:\WINDOWS\System32\Wbem;C:\WINDOWS\System32\WindowsPowerShell\v1.0\;C:\WINDOWS\System32\OpenSSH\;C:\Users\Marcos\AppData\Local\Microsoft\WindowsApps;C:\Program Files\Java\jdk1.8.0_112\bin;
USERNAME=Marcos
OS=Windows_NT
PROCESSOR_IDENTIFIER=Intel64 Family 6 Model 55 Stepping 8, GenuineIntel



---------------  S Y S T E M  ---------------

OS: Windows 10 , 64 bit Build 19041 (10.0.19041.1023)
OS uptime: 5 days 14:53 hours

CPU:total 2 (initial active 2) (2 cores per cpu, 1 threads per core) family 6 model 55 stepping 8, cmov, cx8, fxsr, mmx, sse, sse2, sse3, ssse3, sse4.1, sse4.2, popcnt, clmul, erms, 3dnowpref, tsc, tscinvbit

Memory: 4k page, system-wide physical 3973M (593M free)
TotalPageFile size 6757M (AvailPageFile size 3M)
current process WorkingSet (physical memory assigned to process): 22M, peak: 22M
current process commit charge ("private bytes"): 121M, peak: 125M

vm_info: Java HotSpot(TM) 64-Bit Server VM (14.0.1+7) for windows-amd64 JRE (14.0.1+7), built on Mar  5 2020 10:30:14 by "mach5one" with MS VC++ 15.9 (VS2017)

END.
